{"name": "test_images_sizes", "status": "broken", "statusDetails": {"message": "selenium.common.exceptions.TimeoutException: Message: \nStacktrace:\n\tGetHandleVerifier [0x00007FF6DD28FBE5+28741]\n\t(No symbol) [0x00007FF6DD1F7890]\n\t(No symbol) [0x00007FF6DD094FDA]\n\t(No symbol) [0x00007FF6DD0E9322]\n\t(No symbol) [0x00007FF6DD0E954C]\n\t(No symbol) [0x00007FF6DD133337]\n\t(No symbol) [0x00007FF6DD10FF4F]\n\t(No symbol) [0x00007FF6DD1300B4]\n\t(No symbol) [0x00007FF6DD10FCB3]\n\t(No symbol) [0x00007FF6DD0D9FB3]\n\t(No symbol) [0x00007FF6DD0DB331]\n\tGetHandleVerifier [0x00007FF6DD5CA73D+3414941]\n\tGetHandleVerifier [0x00007FF6DD5DE64A+3496618]\n\tGetHandleVerifier [0x00007FF6DD5D413D+3454365]\n\tGetHandleVerifier [0x00007FF6DD35848B+850155]\n\t(No symbol) [0x00007FF6DD2037FF]\n\t(No symbol) [0x00007FF6DD1FF0C4]\n\t(No symbol) [0x00007FF6DD1FF25D]\n\t(No symbol) [0x00007FF6DD1EE079]\n\tBaseThreadInitThunk [0x00007FFC4512259D+29]\n\tRtlUserThreadStart [0x00007FFC45DCAF38+40]", "trace": "self = <tests.test_ImagesSizes.TestImages object at 0x000001AB76186570>\ndriver = <selenium.webdriver.chrome.webdriver.WebDriver (session=\"31e031aa033a9b398eb0ec83c9d1f45e\")>\n\n    def test_images_sizes(self, driver):\n        page_work = PageWork(driver)\n        page = PageContacts(driver)\n    \n        page.click_contacts()\n        page.wait_and_find_office()\n        page.click_offices()\n        page_work.wait_and_find_tenzor_banner()\n        page_work.click_tenzor_banner()\n        page_work.scroll_to_element(Tenzor.power_is_in_people)\n>       page_work.power_is_in_people_displayed()\n\ntests\\test_ImagesSizes.py:19: \n_ _ _ _ _ _ _ _ _ _ _ _ _ _ _ _ _ _ _ _ _ _ _ _ _ _ _ _ _ _ _ _ _ _ _ _ _ _ _ _ _ _ _ _ _ _ _ _ _ _ _ _ _ _ _ _ _ _ _ _ _ _ _ _ _ _ _ _ _ _ _ _ _ _ _ _\npages\\power_people_page.py:22: in power_is_in_people_displayed\n    self.check_element_display(Tenzor.power_is_in_people)\npages\\base_page.py:61: in check_element_display\n    WebDriverWait(self.driver, 30).until(expected_conditions.visibility_of_element_located(locator))\n_ _ _ _ _ _ _ _ _ _ _ _ _ _ _ _ _ _ _ _ _ _ _ _ _ _ _ _ _ _ _ _ _ _ _ _ _ _ _ _ _ _ _ _ _ _ _ _ _ _ _ _ _ _ _ _ _ _ _ _ _ _ _ _ _ _ _ _ _ _ _ _ _ _ _ _\n\nself = <selenium.webdriver.support.wait.WebDriverWait (session=\"31e031aa033a9b398eb0ec83c9d1f45e\")>\nmethod = <function visibility_of_element_located.<locals>._predicate at 0x000001AB76D8A0C0>, message = ''\n\n    def until(self, method: Callable[[D], Union[Literal[False], T]], message: str = \"\") -> T:\n        \"\"\"Calls the method provided with the driver as an argument until the \\\n        return value does not evaluate to ``False``.\n    \n        :param method: callable(WebDriver)\n        :param message: optional message for :exc:`TimeoutException`\n        :returns: the result of the last call to `method`\n        :raises: :exc:`selenium.common.exceptions.TimeoutException` if timeout occurs\n        \"\"\"\n        screen = None\n        stacktrace = None\n    \n        end_time = time.monotonic() + self._timeout\n        while True:\n            try:\n                value = method(self._driver)\n                if value:\n                    return value\n            except self._ignored_exceptions as exc:\n                screen = getattr(exc, \"screen\", None)\n                stacktrace = getattr(exc, \"stacktrace\", None)\n            time.sleep(self._poll)\n            if time.monotonic() > end_time:\n                break\n>       raise TimeoutException(message, screen, stacktrace)\nE       selenium.common.exceptions.TimeoutException: Message: \nE       Stacktrace:\nE       \tGetHandleVerifier [0x00007FF6DD28FBE5+28741]\nE       \t(No symbol) [0x00007FF6DD1F7890]\nE       \t(No symbol) [0x00007FF6DD094FDA]\nE       \t(No symbol) [0x00007FF6DD0E9322]\nE       \t(No symbol) [0x00007FF6DD0E954C]\nE       \t(No symbol) [0x00007FF6DD133337]\nE       \t(No symbol) [0x00007FF6DD10FF4F]\nE       \t(No symbol) [0x00007FF6DD1300B4]\nE       \t(No symbol) [0x00007FF6DD10FCB3]\nE       \t(No symbol) [0x00007FF6DD0D9FB3]\nE       \t(No symbol) [0x00007FF6DD0DB331]\nE       \tGetHandleVerifier [0x00007FF6DD5CA73D+3414941]\nE       \tGetHandleVerifier [0x00007FF6DD5DE64A+3496618]\nE       \tGetHandleVerifier [0x00007FF6DD5D413D+3454365]\nE       \tGetHandleVerifier [0x00007FF6DD35848B+850155]\nE       \t(No symbol) [0x00007FF6DD2037FF]\nE       \t(No symbol) [0x00007FF6DD1FF0C4]\nE       \t(No symbol) [0x00007FF6DD1FF25D]\nE       \t(No symbol) [0x00007FF6DD1EE079]\nE       \tBaseThreadInitThunk [0x00007FFC4512259D+29]\nE       \tRtlUserThreadStart [0x00007FFC45DCAF38+40]\n\n..\\..\\AppData\\Local\\Programs\\Python\\Python312\\Lib\\site-packages\\selenium\\webdriver\\support\\wait.py:105: TimeoutException"}, "steps": [{"name": "Клик на раздел Контакты", "status": "passed", "steps": [{"name": "Клик на элемент", "status": "passed", "steps": [{"name": "Ожидаем видимость и кликабельность элемента", "status": "passed", "parameters": [{"name": "locator", "value": "('xpath', \"//div[text()='Контакты']\")"}], "start": 1737659578459, "stop": 1737659578539}], "parameters": [{"name": "locator", "value": "('xpath', \"//div[text()='Контакты']\")"}], "start": 1737659578459, "stop": 1737659578632}], "start": 1737659578459, "stop": 1737659578632}, {"name": "Ожидаем видимость и кликабельность ссылки на страницу", "status": "passed", "steps": [{"name": "Ожидаем видимость и кликабельность элемента", "status": "passed", "parameters": [{"name": "locator", "value": "('xpath', \"//span[text() = 'Еще 19 офисов в регионе']\")"}], "start": 1737659578632, "stop": 1737659579224}], "start": 1737659578632, "stop": 1737659579224}, {"name": "Клик на ссылку офисы", "status": "passed", "steps": [{"name": "Клик на элемент", "status": "passed", "steps": [{"name": "Ожидаем видимость и кликабельность элемента", "status": "passed", "parameters": [{"name": "locator", "value": "('xpath', \"//span[text() = 'Еще 19 офисов в регионе']\")"}], "start": 1737659579224, "stop": 1737659579294}], "parameters": [{"name": "locator", "value": "('xpath', \"//span[text() = 'Еще 19 офисов в регионе']\")"}], "start": 1737659579224, "stop": 1737659580026}], "start": 1737659579224, "stop": 1737659580026}, {"name": "Ожидаем видимость и кликабельность баннера Тензор", "status": "passed", "steps": [{"name": "Ожидаем видимость и кликабельность элемента", "status": "passed", "parameters": [{"name": "locator", "value": "('xpath', \"//a[@href='https://tensor.ru/']\")"}], "start": 1737659580026, "stop": 1737659580401}], "start": 1737659580026, "stop": 1737659580401}, {"name": "Клик на баннер Тензор", "status": "passed", "steps": [{"name": "Клик на элемент", "status": "passed", "steps": [{"name": "Ожидаем видимость и кликабельность элемента", "status": "passed", "parameters": [{"name": "locator", "value": "('xpath', \"//a[@href='https://tensor.ru/']\")"}], "start": 1737659580401, "stop": 1737659580458}], "parameters": [{"name": "locator", "value": "('xpath', \"//a[@href='https://tensor.ru/']\")"}], "start": 1737659580401, "stop": 1737659580580}], "start": 1737659580401, "stop": 1737659580580}, {"name": "Скролл к элементу", "status": "passed", "parameters": [{"name": "locator", "value": "('xpath', \"//p[contains(@class, 'tensor_ru-Index__card-title') and text()='Сила в людях']\")"}, {"name": "max_retries", "value": "3"}, {"name": "scroll_pause_time", "value": "1"}, {"name": "scroll_step", "value": "200"}], "start": 1737659580580, "stop": 1737659617557}, {"name": "Проверяем отображение блока Сила в людях", "status": "broken", "statusDetails": {"message": "selenium.common.exceptions.TimeoutException: Message: \nStacktrace:\n\tGetHandleVerifier [0x00007FF6DD28FBE5+28741]\n\t(No symbol) [0x00007FF6DD1F7890]\n\t(No symbol) [0x00007FF6DD094FDA]\n\t(No symbol) [0x00007FF6DD0E9322]\n\t(No symbol) [0x00007FF6DD0E954C]\n\t(No symbol) [0x00007FF6DD133337]\n\t(No symbol) [0x00007FF6DD10FF4F]\n\t(No symbol) [0x00007FF6DD1300B4]\n\t(No symbol) [0x00007FF6DD10FCB3]\n\t(No symbol) [0x00007FF6DD0D9FB3]\n\t(No symbol) [0x00007FF6DD0DB331]\n\tGetHandleVerifier [0x00007FF6DD5CA73D+3414941]\n\tGetHandleVerifier [0x00007FF6DD5DE64A+3496618]\n\tGetHandleVerifier [0x00007FF6DD5D413D+3454365]\n\tGetHandleVerifier [0x00007FF6DD35848B+850155]\n\t(No symbol) [0x00007FF6DD2037FF]\n\t(No symbol) [0x00007FF6DD1FF0C4]\n\t(No symbol) [0x00007FF6DD1FF25D]\n\t(No symbol) [0x00007FF6DD1EE079]\n\tBaseThreadInitThunk [0x00007FFC4512259D+29]\n\tRtlUserThreadStart [0x00007FFC45DCAF38+40]\n\n", "trace": "  File \"C:\\Users\\Vlada\\AppData\\Local\\Programs\\Python\\Python312\\Lib\\site-packages\\allure_commons\\_allure.py\", line 192, in impl\n    return func(*a, **kw)\n           ^^^^^^^^^^^^^^\n  File \"C:\\Users\\Vlada\\PycharmProjects\\Tenzor\\pages\\power_people_page.py\", line 22, in power_is_in_people_displayed\n    self.check_element_display(Tenzor.power_is_in_people)\n  File \"C:\\Users\\Vlada\\AppData\\Local\\Programs\\Python\\Python312\\Lib\\site-packages\\allure_commons\\_allure.py\", line 192, in impl\n    return func(*a, **kw)\n           ^^^^^^^^^^^^^^\n  File \"C:\\Users\\Vlada\\PycharmProjects\\Tenzor\\pages\\base_page.py\", line 61, in check_element_display\n    WebDriverWait(self.driver, 30).until(expected_conditions.visibility_of_element_located(locator))\n  File \"C:\\Users\\Vlada\\AppData\\Local\\Programs\\Python\\Python312\\Lib\\site-packages\\selenium\\webdriver\\support\\wait.py\", line 105, in until\n    raise TimeoutException(message, screen, stacktrace)\n"}, "steps": [{"name": "Проверяем отображение элемента", "status": "broken", "statusDetails": {"message": "selenium.common.exceptions.TimeoutException: Message: \nStacktrace:\n\tGetHandleVerifier [0x00007FF6DD28FBE5+28741]\n\t(No symbol) [0x00007FF6DD1F7890]\n\t(No symbol) [0x00007FF6DD094FDA]\n\t(No symbol) [0x00007FF6DD0E9322]\n\t(No symbol) [0x00007FF6DD0E954C]\n\t(No symbol) [0x00007FF6DD133337]\n\t(No symbol) [0x00007FF6DD10FF4F]\n\t(No symbol) [0x00007FF6DD1300B4]\n\t(No symbol) [0x00007FF6DD10FCB3]\n\t(No symbol) [0x00007FF6DD0D9FB3]\n\t(No symbol) [0x00007FF6DD0DB331]\n\tGetHandleVerifier [0x00007FF6DD5CA73D+3414941]\n\tGetHandleVerifier [0x00007FF6DD5DE64A+3496618]\n\tGetHandleVerifier [0x00007FF6DD5D413D+3454365]\n\tGetHandleVerifier [0x00007FF6DD35848B+850155]\n\t(No symbol) [0x00007FF6DD2037FF]\n\t(No symbol) [0x00007FF6DD1FF0C4]\n\t(No symbol) [0x00007FF6DD1FF25D]\n\t(No symbol) [0x00007FF6DD1EE079]\n\tBaseThreadInitThunk [0x00007FFC4512259D+29]\n\tRtlUserThreadStart [0x00007FFC45DCAF38+40]\n\n", "trace": "  File \"C:\\Users\\Vlada\\AppData\\Local\\Programs\\Python\\Python312\\Lib\\site-packages\\allure_commons\\_allure.py\", line 192, in impl\n    return func(*a, **kw)\n           ^^^^^^^^^^^^^^\n  File \"C:\\Users\\Vlada\\PycharmProjects\\Tenzor\\pages\\base_page.py\", line 61, in check_element_display\n    WebDriverWait(self.driver, 30).until(expected_conditions.visibility_of_element_located(locator))\n  File \"C:\\Users\\Vlada\\AppData\\Local\\Programs\\Python\\Python312\\Lib\\site-packages\\selenium\\webdriver\\support\\wait.py\", line 105, in until\n    raise TimeoutException(message, screen, stacktrace)\n"}, "parameters": [{"name": "locator", "value": "('xpath', \"//p[contains(@class, 'tensor_ru-Index__card-title') and text()='Сила в людях']\")"}], "start": 1737659617557, "stop": 1737659648082}], "start": 1737659617557, "stop": 1737659648089}], "attachments": [{"name": "stdout", "source": "dde5bed2-27c4-44c2-8aa9-6eecdcf1bbe6-attachment.txt", "type": "text/plain"}], "start": 1737659578459, "stop": 1737659648089, "uuid": "ba3e0bee-dfb4-449f-8449-aed0684f95f3", "historyId": "5817ee664520d3286244b0c2aee2ae73", "testCaseId": "5817ee664520d3286244b0c2aee2ae73", "fullName": "tests.test_ImagesSizes.TestImages#test_images_sizes", "labels": [{"name": "parentSuite", "value": "tests"}, {"name": "suite", "value": "test_ImagesSizes"}, {"name": "subSuite", "value": "TestImages"}, {"name": "host", "value": "DESKTOP-COFSJ1F"}, {"name": "thread", "value": "2424-MainThread"}, {"name": "framework", "value": "pytest"}, {"name": "language", "value": "cpython3"}, {"name": "package", "value": "tests.test_ImagesSizes"}]}